<?xml version="1.0" encoding="UTF-8"?>
<coverage generated="1458801641">
  <project timestamp="1458801641">
    <package name="Ocademy">
      <file name="/Users/Vickris/www/sites/ocademy/app/Category.php">
        <class name="Category" namespace="Ocademy">
          <metrics methods="0" coveredmethods="0" conditionals="0" coveredconditionals="0" statements="0" coveredstatements="0" elements="0" coveredelements="0"/>
        </class>
        <metrics loc="20" ncloc="15" classes="1" methods="0" coveredmethods="0" conditionals="0" coveredconditionals="0" statements="0" coveredstatements="0" elements="0" coveredelements="0"/>
      </file>
      <file name="/Users/Vickris/www/sites/ocademy/app/Comment.php">
        <class name="Comment" namespace="Ocademy">
          <metrics methods="0" coveredmethods="0" conditionals="0" coveredconditionals="0" statements="0" coveredstatements="0" elements="0" coveredelements="0"/>
        </class>
        <metrics loc="24" ncloc="21" classes="1" methods="0" coveredmethods="0" conditionals="0" coveredconditionals="0" statements="0" coveredstatements="0" elements="0" coveredelements="0"/>
      </file>
      <file name="/Users/Vickris/www/sites/ocademy/app/Tutorial.php">
        <class name="Tutorial" namespace="Ocademy">
          <metrics methods="3" coveredmethods="1" conditionals="0" coveredconditionals="0" statements="3" coveredstatements="1" elements="6" coveredelements="2"/>
        </class>
        <line num="15" type="method" name="category" crap="2" count="0"/>
        <line num="17" type="stmt" count="0"/>
        <line num="19" type="method" name="user" crap="2" count="0"/>
        <line num="21" type="stmt" count="0"/>
        <line num="27" type="method" name="comments" crap="1" count="4"/>
        <line num="29" type="stmt" count="4"/>
        <metrics loc="31" ncloc="28" classes="1" methods="3" coveredmethods="1" conditionals="0" coveredconditionals="0" statements="3" coveredstatements="1" elements="6" coveredelements="2"/>
      </file>
      <file name="/Users/Vickris/www/sites/ocademy/app/User.php">
        <class name="User" namespace="Ocademy">
          <metrics methods="4" coveredmethods="2" conditionals="0" coveredconditionals="0" statements="6" coveredstatements="2" elements="10" coveredelements="4"/>
        </class>
        <line num="28" type="method" name="tutorials" crap="2" count="0"/>
        <line num="30" type="stmt" count="0"/>
        <line num="38" type="method" name="getAvatarFromGravatar" crap="1" count="2"/>
        <line num="40" type="stmt" count="2"/>
        <line num="48" type="method" name="getAvatar" crap="2" count="5"/>
        <line num="50" type="stmt" count="5"/>
        <line num="58" type="method" name="updateAvatar" crap="2" count="0"/>
        <line num="60" type="stmt" count="0"/>
        <line num="61" type="stmt" count="0"/>
        <line num="62" type="stmt" count="0"/>
        <metrics loc="63" ncloc="36" classes="1" methods="4" coveredmethods="2" conditionals="0" coveredconditionals="0" statements="6" coveredstatements="2" elements="10" coveredelements="4"/>
      </file>
    </package>
    <package name="Ocademy\Http\Controllers">
      <file name="/Users/Vickris/www/sites/ocademy/app/Http/Controllers/CategoryController.php">
        <class name="CategoryController" namespace="Ocademy\Http\Controllers">
          <metrics methods="3" coveredmethods="0" conditionals="0" coveredconditionals="0" statements="13" coveredstatements="0" elements="16" coveredelements="0"/>
        </class>
        <line num="12" type="method" name="__construct" crap="2" count="0"/>
        <line num="13" type="stmt" count="0"/>
        <line num="14" type="stmt" count="0"/>
        <line num="15" type="stmt" count="0"/>
        <line num="21" type="method" name="index" crap="2" count="0"/>
        <line num="22" type="stmt" count="0"/>
        <line num="23" type="stmt" count="0"/>
        <line num="24" type="stmt" count="0"/>
        <line num="31" type="method" name="store" crap="2" count="0"/>
        <line num="32" type="stmt" count="0"/>
        <line num="33" type="stmt" count="0"/>
        <line num="34" type="stmt" count="0"/>
        <line num="35" type="stmt" count="0"/>
        <line num="37" type="stmt" count="0"/>
        <line num="39" type="stmt" count="0"/>
        <line num="40" type="stmt" count="0"/>
        <metrics loc="41" ncloc="30" classes="1" methods="3" coveredmethods="0" conditionals="0" coveredconditionals="0" statements="13" coveredstatements="0" elements="16" coveredelements="0"/>
      </file>
      <file name="/Users/Vickris/www/sites/ocademy/app/Http/Controllers/CommentsController.php">
        <class name="CommentsController" namespace="Ocademy\Http\Controllers">
          <metrics methods="0" coveredmethods="0" conditionals="0" coveredconditionals="0" statements="0" coveredstatements="0" elements="0" coveredelements="0"/>
        </class>
        <metrics loc="12" ncloc="10" classes="1" methods="0" coveredmethods="0" conditionals="0" coveredconditionals="0" statements="0" coveredstatements="0" elements="0" coveredelements="0"/>
      </file>
      <file name="/Users/Vickris/www/sites/ocademy/app/Http/Controllers/HomeController.php">
        <class name="HomeController" namespace="Ocademy\Http\Controllers">
          <metrics methods="2" coveredmethods="0" conditionals="0" coveredconditionals="0" statements="6" coveredstatements="0" elements="8" coveredelements="0"/>
        </class>
        <line num="15" type="method" name="__construct" crap="2" count="0"/>
        <line num="16" type="stmt" count="0"/>
        <line num="17" type="stmt" count="0"/>
        <line num="18" type="stmt" count="0"/>
        <line num="25" type="method" name="index" crap="2" count="0"/>
        <line num="26" type="stmt" count="0"/>
        <line num="27" type="stmt" count="0"/>
        <line num="28" type="stmt" count="0"/>
        <metrics loc="29" ncloc="19" classes="1" methods="2" coveredmethods="0" conditionals="0" coveredconditionals="0" statements="6" coveredstatements="0" elements="8" coveredelements="0"/>
      </file>
      <file name="/Users/Vickris/www/sites/ocademy/app/Http/Controllers/ProfileController.php">
        <class name="ProfileController" namespace="Ocademy\Http\Controllers">
          <metrics methods="3" coveredmethods="3" conditionals="0" coveredconditionals="0" statements="11" coveredstatements="11" elements="14" coveredelements="14"/>
        </class>
        <line num="18" type="method" name="edit" crap="1" count="1"/>
        <line num="20" type="stmt" count="1"/>
        <line num="21" type="stmt" count="1"/>
        <line num="26" type="method" name="update" crap="1" count="1"/>
        <line num="28" type="stmt" count="1"/>
        <line num="29" type="stmt" count="1"/>
        <line num="30" type="stmt" count="1"/>
        <line num="31" type="stmt" count="1"/>
        <line num="32" type="stmt" count="1"/>
        <line num="34" type="stmt" count="1"/>
        <line num="36" type="stmt" count="1"/>
        <line num="56" type="method" name="myTutorials" crap="1" count="3"/>
        <line num="58" type="stmt" count="3"/>
        <line num="59" type="stmt" count="3"/>
        <metrics loc="61" ncloc="48" classes="1" methods="3" coveredmethods="3" conditionals="0" coveredconditionals="0" statements="11" coveredstatements="11" elements="14" coveredelements="14"/>
      </file>
      <file name="/Users/Vickris/www/sites/ocademy/app/Http/Controllers/TutorialsController.php">
        <class name="TutorialsController" namespace="Ocademy\Http\Controllers">
          <metrics methods="8" coveredmethods="8" conditionals="0" coveredconditionals="0" statements="37" coveredstatements="37" elements="45" coveredelements="45"/>
        </class>
        <line num="14" type="method" name="__construct" crap="1" count="11"/>
        <line num="16" type="stmt" count="11"/>
        <line num="17" type="stmt" count="11"/>
        <line num="24" type="method" name="welcome" crap="1" count="5"/>
        <line num="26" type="stmt" count="5"/>
        <line num="27" type="stmt" count="5"/>
        <line num="59" type="method" name="create" crap="1" count="1"/>
        <line num="61" type="stmt" count="1"/>
        <line num="62" type="stmt" count="1"/>
        <line num="71" type="method" name="store" crap="1" count="1"/>
        <line num="73" type="stmt" count="1"/>
        <line num="74" type="stmt" count="1"/>
        <line num="79" type="stmt" count="1"/>
        <line num="80" type="stmt" count="1"/>
        <line num="81" type="stmt" count="1"/>
        <line num="82" type="stmt" count="1"/>
        <line num="83" type="stmt" count="1"/>
        <line num="84" type="stmt" count="1"/>
        <line num="86" type="stmt" count="1"/>
        <line num="95" type="method" name="show" crap="1" count="3"/>
        <line num="97" type="stmt" count="3"/>
        <line num="98" type="stmt" count="3"/>
        <line num="99" type="stmt" count="3"/>
        <line num="101" type="stmt" count="3"/>
        <line num="125" type="method" name="update" crap="1" count="1"/>
        <line num="127" type="stmt" count="1"/>
        <line num="128" type="stmt" count="1"/>
        <line num="134" type="stmt" count="1"/>
        <line num="135" type="stmt" count="1"/>
        <line num="136" type="stmt" count="1"/>
        <line num="138" type="stmt" count="1"/>
        <line num="139" type="stmt" count="1"/>
        <line num="141" type="stmt" count="1"/>
        <line num="162" type="method" name="comment" crap="1" count="1"/>
        <line num="164" type="stmt" count="1"/>
        <line num="165" type="stmt" count="1"/>
        <line num="166" type="stmt" count="1"/>
        <line num="167" type="stmt" count="1"/>
        <line num="168" type="stmt" count="1"/>
        <line num="169" type="stmt" count="1"/>
        <line num="170" type="stmt" count="1"/>
        <line num="171" type="stmt" count="1"/>
        <line num="180" type="method" name="destroy" crap="1" count="1"/>
        <line num="182" type="stmt" count="1"/>
        <line num="184" type="stmt" count="1"/>
        <metrics loc="186" ncloc="132" classes="1" methods="8" coveredmethods="8" conditionals="0" coveredconditionals="0" statements="37" coveredstatements="37" elements="45" coveredelements="45"/>
      </file>
    </package>
    <file name="/Users/Vickris/www/sites/ocademy/app/Http/routes.php">
      <line num="28" type="stmt" count="18"/>
      <line num="30" type="stmt" count="18"/>
      <line num="31" type="stmt" count="18"/>
      <line num="39" type="stmt" count="18"/>
      <line num="40" type="stmt" count="18"/>
      <line num="43" type="stmt" count="18"/>
      <line num="44" type="stmt" count="18"/>
      <line num="47" type="stmt" count="18"/>
      <line num="48" type="stmt" count="18"/>
      <line num="51" type="stmt" count="18"/>
      <line num="52" type="stmt" count="18"/>
      <line num="55" type="stmt" count="18"/>
      <line num="56" type="stmt" count="18"/>
      <line num="61" type="stmt" count="18"/>
      <line num="62" type="stmt" count="18"/>
      <line num="63" type="stmt" count="18"/>
      <line num="66" type="stmt" count="18"/>
      <line num="67" type="stmt" count="18"/>
      <metrics loc="67" ncloc="35" classes="0" methods="0" coveredmethods="0" conditionals="0" coveredconditionals="0" statements="18" coveredstatements="18" elements="18" coveredelements="18"/>
    </file>
    <package name="Ocademy\Providers">
      <file name="/Users/Vickris/www/sites/ocademy/app/Providers/AppServiceProvider.php">
        <class name="AppServiceProvider" namespace="Ocademy\Providers">
          <metrics methods="2" coveredmethods="2" conditionals="0" coveredconditionals="0" statements="3" coveredstatements="3" elements="5" coveredelements="5"/>
        </class>
        <line num="17" type="method" name="anonymous function" crap="1" count="18"/>
        <line num="18" type="stmt" count="2"/>
        <line num="19" type="stmt" count="18"/>
        <line num="20" type="stmt" count="18"/>
        <line num="27" type="method" name="register" crap="1" count="18"/>
        <line num="30" type="stmt" count="18"/>
        <metrics loc="31" ncloc="19" classes="1" methods="2" coveredmethods="2" conditionals="0" coveredconditionals="0" statements="4" coveredstatements="4" elements="6" coveredelements="6"/>
      </file>
      <file name="/Users/Vickris/www/sites/ocademy/app/Providers/AuthServiceProvider.php">
        <class name="AuthServiceProvider" namespace="Ocademy\Providers">
          <metrics methods="1" coveredmethods="1" conditionals="0" coveredconditionals="0" statements="2" coveredstatements="2" elements="3" coveredelements="3"/>
        </class>
        <line num="25" type="method" name="boot" crap="1" count="18"/>
        <line num="27" type="stmt" count="18"/>
        <line num="30" type="stmt" count="18"/>
        <metrics loc="31" ncloc="18" classes="1" methods="1" coveredmethods="1" conditionals="0" coveredconditionals="0" statements="2" coveredstatements="2" elements="3" coveredelements="3"/>
      </file>
      <file name="/Users/Vickris/www/sites/ocademy/app/Providers/EventServiceProvider.php">
        <class name="EventServiceProvider" namespace="Ocademy\Providers">
          <metrics methods="1" coveredmethods="1" conditionals="0" coveredconditionals="0" statements="2" coveredstatements="2" elements="3" coveredelements="3"/>
        </class>
        <line num="27" type="method" name="boot" crap="1" count="18"/>
        <line num="29" type="stmt" count="18"/>
        <line num="32" type="stmt" count="18"/>
        <metrics loc="33" ncloc="20" classes="1" methods="1" coveredmethods="1" conditionals="0" coveredconditionals="0" statements="2" coveredstatements="2" elements="3" coveredelements="3"/>
      </file>
      <file name="/Users/Vickris/www/sites/ocademy/app/Providers/RouteServiceProvider.php">
        <class name="RouteServiceProvider" namespace="Ocademy\Providers">
          <metrics methods="2" coveredmethods="2" conditionals="0" coveredconditionals="0" statements="4" coveredstatements="4" elements="6" coveredelements="6"/>
        </class>
        <line num="25" type="method" name="boot" crap="1" count="18"/>
        <line num="29" type="stmt" count="18"/>
        <line num="30" type="stmt" count="18"/>
        <line num="40" type="method" name="anonymous function" crap="1" count="18"/>
        <line num="41" type="stmt" count="18"/>
        <line num="42" type="stmt" count="18"/>
        <line num="43" type="stmt" count="18"/>
        <metrics loc="44" ncloc="23" classes="1" methods="2" coveredmethods="2" conditionals="0" coveredconditionals="0" statements="5" coveredstatements="5" elements="7" coveredelements="7"/>
      </file>
    </package>
    <metrics files="14" loc="673" ncloc="454" classes="13" methods="29" coveredmethods="20" conditionals="0" coveredconditionals="0" statements="107" coveredstatements="82" elements="136" coveredelements="102"/>
  </project>
</coverage>
